<?xml version="1.0" encoding="UTF-8"?>
<!-- Generated by org.testng.reporters.JUnitXMLReporter -->
<testsuite ignored="0" hostname="DESKTOP-EQGDIG6" failures="0" tests="9" name="Add customer test" time="12.556" errors="0" timestamp="2025-02-08T19:45:58 IST">
  <testcase classname="testCases.AddCustomerTest" name="addCustomer" time="1.723"/>
  <testcase classname="testCases.AddCustomerTest" name="addCustomer" time="0.865"/>
  <testcase classname="testCases.AddCustomerTest" name="addCustomer" time="0.948"/>
  <testcase classname="testCases.AddCustomerTest" name="addCustomer" time="0.839"/>
  <testcase classname="testCases.AddCustomerTest" name="addCustomer" time="1.145"/>
  <testcase classname="testCases.AddCustomerTest" name="addCustomer" time="1.318"/>
  <testcase classname="testCases.AddCustomerTest" name="addCustomer" time="1.327"/>
  <testcase classname="testCases.AddCustomerTest" name="addCustomer" time="1.418"/>
  <testcase classname="testCases.AddCustomerTest" name="addCustomer" time="1.237"/>
</testsuite> <!-- Add customer test -->
