<?xml version="1.0" encoding="UTF-8"?>
<!-- Generated by org.testng.reporters.JUnitXMLReporter -->
<testsuite ignored="0" hostname="DESKTOP-EQGDIG6" failures="0" tests="9" name="Add customer test" time="54.212" errors="0" timestamp="2025-02-01T14:19:07 IST">
  <testcase classname="testCases.AddCustomerTest" name="addCustomer" time="6.358"/>
  <testcase classname="testCases.AddCustomerTest" name="addCustomer" time="5.852"/>
  <testcase classname="testCases.AddCustomerTest" name="addCustomer" time="5.876"/>
  <testcase classname="testCases.AddCustomerTest" name="addCustomer" time="5.762"/>
  <testcase classname="testCases.AddCustomerTest" name="addCustomer" time="5.735"/>
  <testcase classname="testCases.AddCustomerTest" name="addCustomer" time="5.764"/>
  <testcase classname="testCases.AddCustomerTest" name="addCustomer" time="5.703"/>
  <testcase classname="testCases.AddCustomerTest" name="addCustomer" time="5.791"/>
  <testcase classname="testCases.AddCustomerTest" name="addCustomer" time="5.698"/>
</testsuite> <!-- Add customer test -->
