<?xml version="1.0" encoding="UTF-8"?>
<testsuite name="Add customer test"
           tests="9"
           failures="0"
           errors="0"
           skipped="0"
           time="10.198">
  <properties />
  
  
            <testcase name="addCustomer" time="0.887" classname="testCases.AddCustomerTest" />
                <testcase name="addCustomer" time="1.241" classname="testCases.AddCustomerTest" />
                <testcase name="addCustomer" time="0.912" classname="testCases.AddCustomerTest" />
                <testcase name="addCustomer" time="0.949" classname="testCases.AddCustomerTest" />
                <testcase name="addCustomer" time="1.460" classname="testCases.AddCustomerTest" />
                <testcase name="addCustomer" time="0.877" classname="testCases.AddCustomerTest" />
                <testcase name="addCustomer" time="1.335" classname="testCases.AddCustomerTest" />
                <testcase name="addCustomer" time="1.505" classname="testCases.AddCustomerTest" />
                <testcase name="addCustomer" time="1.032" classname="testCases.AddCustomerTest" />
      
</testsuite>
