<?xml version="1.0" encoding="UTF-8"?>
<testng-results ignored="0" total="10" passed="10" failed="0" skipped="0">
  <reporter-output>
    <line>
      <![CDATA[Login Successfull]]>
    </line>
  </reporter-output>
  <suite started-at="2025-02-08T19:45:44 IST" name="DataDrivenAutomtion" finished-at="2025-02-08T19:45:58 IST" duration-ms="14128">
    <groups>
    </groups>
    <test started-at="2025-02-08T19:45:44 IST" name="Bank Manager Login" finished-at="2025-02-08T19:45:44 IST" duration-ms="490">
      <class name="testCases.BankManagerLoginTest">
        <test-method signature="loginAsBankManager()[pri:0, instance:testCases.BankManagerLoginTest@4648ce9]" started-at="2025-02-08T19:45:44 IST" name="loginAsBankManager" description="Bank Manager Login functionality" finished-at="2025-02-08T19:45:44 IST" duration-ms="379" status="PASS">
          <reporter-output>
            <line>
              <![CDATA[Login Successfull]]>
            </line>
          </reporter-output>
        </test-method> <!-- loginAsBankManager -->
      </class> <!-- testCases.BankManagerLoginTest -->
    </test> <!-- Bank Manager Login -->
    <test started-at="2025-02-08T19:45:45 IST" name="Add customer test" finished-at="2025-02-08T19:45:58 IST" duration-ms="12556">
      <class name="testCases.AddCustomerTest">
        <test-method is-config="true" signature="setup()[pri:0, instance:testCases.AddCustomerTest@3d8bbcdc]" started-at="2025-02-08T19:45:38 IST" name="setup" finished-at="2025-02-08T19:45:44 IST" duration-ms="6166" status="PASS">
          <reporter-output>
          </reporter-output>
        </test-method> <!-- setup -->
        <test-method signature="addCustomer(java.lang.String,java.lang.String,java.lang.String)[pri:0, instance:testCases.AddCustomerTest@3d8bbcdc]" started-at="2025-02-08T19:45:47 IST" name="addCustomer" description="Verify Customer Adding functionality" data-provider="addCustomer" finished-at="2025-02-08T19:45:49 IST" duration-ms="1723" status="PASS">
          <params>
            <param index="0">
              <value>
                <![CDATA[Kim]]>
              </value>
            </param>
            <param index="1">
              <value>
                <![CDATA[song]]>
              </value>
            </param>
            <param index="2">
              <value>
                <![CDATA[55576.0]]>
              </value>
            </param>
          </params>
          <reporter-output>
          </reporter-output>
        </test-method> <!-- addCustomer -->
        <test-method signature="addCustomer(java.lang.String,java.lang.String,java.lang.String)[pri:0, instance:testCases.AddCustomerTest@3d8bbcdc]" started-at="2025-02-08T19:45:49 IST" name="addCustomer" description="Verify Customer Adding functionality" data-provider="addCustomer" finished-at="2025-02-08T19:45:50 IST" duration-ms="865" status="PASS">
          <params>
            <param index="0">
              <value>
                <![CDATA[Seol]]>
              </value>
            </param>
            <param index="1">
              <value>
                <![CDATA[kun]]>
              </value>
            </param>
            <param index="2">
              <value>
                <![CDATA[fcvhj]]>
              </value>
            </param>
          </params>
          <reporter-output>
          </reporter-output>
        </test-method> <!-- addCustomer -->
        <test-method signature="addCustomer(java.lang.String,java.lang.String,java.lang.String)[pri:0, instance:testCases.AddCustomerTest@3d8bbcdc]" started-at="2025-02-08T19:45:50 IST" name="addCustomer" description="Verify Customer Adding functionality" data-provider="addCustomer" finished-at="2025-02-08T19:45:50 IST" duration-ms="948" status="PASS">
          <params>
            <param index="0">
              <value>
                <![CDATA[Jhon]]>
              </value>
            </param>
            <param index="1">
              <value>
                <![CDATA[sine]]>
              </value>
            </param>
            <param index="2">
              <value>
                <![CDATA[4357676.0]]>
              </value>
            </param>
          </params>
          <reporter-output>
          </reporter-output>
        </test-method> <!-- addCustomer -->
        <test-method signature="addCustomer(java.lang.String,java.lang.String,java.lang.String)[pri:0, instance:testCases.AddCustomerTest@3d8bbcdc]" started-at="2025-02-08T19:45:51 IST" name="addCustomer" description="Verify Customer Adding functionality" data-provider="addCustomer" finished-at="2025-02-08T19:45:51 IST" duration-ms="839" status="PASS">
          <params>
            <param index="0">
              <value>
                <![CDATA[Ren]]>
              </value>
            </param>
            <param index="1">
              <value>
                <![CDATA[lukiya]]>
              </value>
            </param>
            <param index="2">
              <value>
                <![CDATA[gf78989]]>
              </value>
            </param>
          </params>
          <reporter-output>
          </reporter-output>
        </test-method> <!-- addCustomer -->
        <test-method signature="addCustomer(java.lang.String,java.lang.String,java.lang.String)[pri:0, instance:testCases.AddCustomerTest@3d8bbcdc]" started-at="2025-02-08T19:45:51 IST" name="addCustomer" description="Verify Customer Adding functionality" data-provider="addCustomer" finished-at="2025-02-08T19:45:53 IST" duration-ms="1145" status="PASS">
          <params>
            <param index="0">
              <value>
                <![CDATA[Gorya]]>
              </value>
            </param>
            <param index="1">
              <value>
                <![CDATA[sen]]>
              </value>
            </param>
            <param index="2">
              <value>
                <![CDATA[887565.0]]>
              </value>
            </param>
          </params>
          <reporter-output>
          </reporter-output>
        </test-method> <!-- addCustomer -->
        <test-method signature="addCustomer(java.lang.String,java.lang.String,java.lang.String)[pri:0, instance:testCases.AddCustomerTest@3d8bbcdc]" started-at="2025-02-08T19:45:53 IST" name="addCustomer" description="Verify Customer Adding functionality" data-provider="addCustomer" finished-at="2025-02-08T19:45:54 IST" duration-ms="1318" status="PASS">
          <params>
            <param index="0">
              <value>
                <![CDATA[Lim]]>
              </value>
            </param>
            <param index="1">
              <value>
                <![CDATA[chalung]]>
              </value>
            </param>
            <param index="2">
              <value>
                <![CDATA[fdvhbjb]]>
              </value>
            </param>
          </params>
          <reporter-output>
          </reporter-output>
        </test-method> <!-- addCustomer -->
        <test-method signature="addCustomer(java.lang.String,java.lang.String,java.lang.String)[pri:0, instance:testCases.AddCustomerTest@3d8bbcdc]" started-at="2025-02-08T19:45:54 IST" name="addCustomer" description="Verify Customer Adding functionality" data-provider="addCustomer" finished-at="2025-02-08T19:45:55 IST" duration-ms="1327" status="PASS">
          <params>
            <param index="0">
              <value>
                <![CDATA[Suga]]>
              </value>
            </param>
            <param index="1">
              <value>
                <![CDATA[dtek]]>
              </value>
            </param>
            <param index="2">
              <value>
                <![CDATA[5.4676786E7]]>
              </value>
            </param>
          </params>
          <reporter-output>
          </reporter-output>
        </test-method> <!-- addCustomer -->
        <test-method signature="addCustomer(java.lang.String,java.lang.String,java.lang.String)[pri:0, instance:testCases.AddCustomerTest@3d8bbcdc]" started-at="2025-02-08T19:45:55 IST" name="addCustomer" description="Verify Customer Adding functionality" data-provider="addCustomer" finished-at="2025-02-08T19:45:57 IST" duration-ms="1418" status="PASS">
          <params>
            <param index="0">
              <value>
                <![CDATA[Ronny]]>
              </value>
            </param>
            <param index="1">
              <value>
                <![CDATA[lanson]]>
              </value>
            </param>
            <param index="2">
              <value>
                <![CDATA[4667787.0]]>
              </value>
            </param>
          </params>
          <reporter-output>
          </reporter-output>
        </test-method> <!-- addCustomer -->
        <test-method signature="addCustomer(java.lang.String,java.lang.String,java.lang.String)[pri:0, instance:testCases.AddCustomerTest@3d8bbcdc]" started-at="2025-02-08T19:45:57 IST" name="addCustomer" description="Verify Customer Adding functionality" data-provider="addCustomer" finished-at="2025-02-08T19:45:58 IST" duration-ms="1237" status="PASS">
          <params>
            <param index="0">
              <value>
                <![CDATA[Reyan]]>
              </value>
            </param>
            <param index="1">
              <value>
                <![CDATA[klson]]>
              </value>
            </param>
            <param index="2">
              <value>
                <![CDATA[65768.0]]>
              </value>
            </param>
          </params>
          <reporter-output>
          </reporter-output>
        </test-method> <!-- addCustomer -->
        <test-method is-config="true" signature="teardown()[pri:0, instance:testCases.AddCustomerTest@3d8bbcdc]" started-at="2025-02-08T19:45:58 IST" name="teardown" finished-at="2025-02-08T19:45:59 IST" duration-ms="590" status="PASS">
          <reporter-output>
          </reporter-output>
        </test-method> <!-- teardown -->
      </class> <!-- testCases.AddCustomerTest -->
    </test> <!-- Add customer test -->
  </suite> <!-- DataDrivenAutomtion -->
</testng-results>
