<?xml version="1.0" encoding="UTF-8"?>
<testng-results ignored="0" total="10" passed="10" failed="0" skipped="0">
  <reporter-output>
    <line>
      <![CDATA[Login Successfull]]>
    </line>
  </reporter-output>
  <suite started-at="2025-02-02T20:11:03 IST" name="DataDrivenAutomtion" finished-at="2025-02-02T20:11:59 IST" duration-ms="55524">
    <groups>
    </groups>
    <test started-at="2025-02-02T20:11:03 IST" name="Bank Manager Login" finished-at="2025-02-02T20:11:04 IST" duration-ms="819">
      <class name="testCases.BankManagerLoginTest">
        <test-method signature="loginAsBankManager()[pri:0, instance:testCases.BankManagerLoginTest@319988b0]" started-at="2025-02-02T20:11:03 IST" name="loginAsBankManager" finished-at="2025-02-02T20:11:04 IST" duration-ms="745" status="PASS">
          <reporter-output>
            <line>
              <![CDATA[Login Successfull]]>
            </line>
          </reporter-output>
        </test-method> <!-- loginAsBankManager -->
      </class> <!-- testCases.BankManagerLoginTest -->
    </test> <!-- Bank Manager Login -->
    <test started-at="2025-02-02T20:11:04 IST" name="Add customer test" finished-at="2025-02-02T20:11:59 IST" duration-ms="54667">
      <class name="testCases.AddCustomerTest">
        <test-method is-config="true" signature="setup()[pri:0, instance:testCases.AddCustomerTest@4b85880b]" started-at="2025-02-02T20:10:56 IST" name="setup" finished-at="2025-02-02T20:11:03 IST" duration-ms="6710" status="PASS">
          <reporter-output>
          </reporter-output>
        </test-method> <!-- setup -->
        <test-method signature="addCustomer(java.lang.String,java.lang.String,java.lang.String)[pri:0, instance:testCases.AddCustomerTest@4b85880b]" started-at="2025-02-02T20:11:06 IST" name="addCustomer" data-provider="addCustomer" finished-at="2025-02-02T20:11:12 IST" duration-ms="6208" status="PASS">
          <params>
            <param index="0">
              <value>
                <![CDATA[Kim]]>
              </value>
            </param>
            <param index="1">
              <value>
                <![CDATA[song]]>
              </value>
            </param>
            <param index="2">
              <value>
                <![CDATA[55576.0]]>
              </value>
            </param>
          </params>
          <reporter-output>
          </reporter-output>
        </test-method> <!-- addCustomer -->
        <test-method signature="addCustomer(java.lang.String,java.lang.String,java.lang.String)[pri:0, instance:testCases.AddCustomerTest@4b85880b]" started-at="2025-02-02T20:11:12 IST" name="addCustomer" data-provider="addCustomer" finished-at="2025-02-02T20:11:18 IST" duration-ms="5679" status="PASS">
          <params>
            <param index="0">
              <value>
                <![CDATA[Seol]]>
              </value>
            </param>
            <param index="1">
              <value>
                <![CDATA[kun]]>
              </value>
            </param>
            <param index="2">
              <value>
                <![CDATA[fcvhj]]>
              </value>
            </param>
          </params>
          <reporter-output>
          </reporter-output>
        </test-method> <!-- addCustomer -->
        <test-method signature="addCustomer(java.lang.String,java.lang.String,java.lang.String)[pri:0, instance:testCases.AddCustomerTest@4b85880b]" started-at="2025-02-02T20:11:18 IST" name="addCustomer" data-provider="addCustomer" finished-at="2025-02-02T20:11:24 IST" duration-ms="5744" status="PASS">
          <params>
            <param index="0">
              <value>
                <![CDATA[Jhon]]>
              </value>
            </param>
            <param index="1">
              <value>
                <![CDATA[sine]]>
              </value>
            </param>
            <param index="2">
              <value>
                <![CDATA[4357676.0]]>
              </value>
            </param>
          </params>
          <reporter-output>
          </reporter-output>
        </test-method> <!-- addCustomer -->
        <test-method signature="addCustomer(java.lang.String,java.lang.String,java.lang.String)[pri:0, instance:testCases.AddCustomerTest@4b85880b]" started-at="2025-02-02T20:11:24 IST" name="addCustomer" data-provider="addCustomer" finished-at="2025-02-02T20:11:29 IST" duration-ms="5778" status="PASS">
          <params>
            <param index="0">
              <value>
                <![CDATA[Ren]]>
              </value>
            </param>
            <param index="1">
              <value>
                <![CDATA[lukiya]]>
              </value>
            </param>
            <param index="2">
              <value>
                <![CDATA[gf78989]]>
              </value>
            </param>
          </params>
          <reporter-output>
          </reporter-output>
        </test-method> <!-- addCustomer -->
        <test-method signature="addCustomer(java.lang.String,java.lang.String,java.lang.String)[pri:0, instance:testCases.AddCustomerTest@4b85880b]" started-at="2025-02-02T20:11:29 IST" name="addCustomer" data-provider="addCustomer" finished-at="2025-02-02T20:11:35 IST" duration-ms="5886" status="PASS">
          <params>
            <param index="0">
              <value>
                <![CDATA[Gorya]]>
              </value>
            </param>
            <param index="1">
              <value>
                <![CDATA[sen]]>
              </value>
            </param>
            <param index="2">
              <value>
                <![CDATA[887565.0]]>
              </value>
            </param>
          </params>
          <reporter-output>
          </reporter-output>
        </test-method> <!-- addCustomer -->
        <test-method signature="addCustomer(java.lang.String,java.lang.String,java.lang.String)[pri:0, instance:testCases.AddCustomerTest@4b85880b]" started-at="2025-02-02T20:11:35 IST" name="addCustomer" data-provider="addCustomer" finished-at="2025-02-02T20:11:41 IST" duration-ms="5849" status="PASS">
          <params>
            <param index="0">
              <value>
                <![CDATA[Lim]]>
              </value>
            </param>
            <param index="1">
              <value>
                <![CDATA[chalung]]>
              </value>
            </param>
            <param index="2">
              <value>
                <![CDATA[fdvhbjb]]>
              </value>
            </param>
          </params>
          <reporter-output>
          </reporter-output>
        </test-method> <!-- addCustomer -->
        <test-method signature="addCustomer(java.lang.String,java.lang.String,java.lang.String)[pri:0, instance:testCases.AddCustomerTest@4b85880b]" started-at="2025-02-02T20:11:41 IST" name="addCustomer" data-provider="addCustomer" finished-at="2025-02-02T20:11:47 IST" duration-ms="5950" status="PASS">
          <params>
            <param index="0">
              <value>
                <![CDATA[Suga]]>
              </value>
            </param>
            <param index="1">
              <value>
                <![CDATA[dtek]]>
              </value>
            </param>
            <param index="2">
              <value>
                <![CDATA[5.4676786E7]]>
              </value>
            </param>
          </params>
          <reporter-output>
          </reporter-output>
        </test-method> <!-- addCustomer -->
        <test-method signature="addCustomer(java.lang.String,java.lang.String,java.lang.String)[pri:0, instance:testCases.AddCustomerTest@4b85880b]" started-at="2025-02-02T20:11:47 IST" name="addCustomer" data-provider="addCustomer" finished-at="2025-02-02T20:11:53 IST" duration-ms="5873" status="PASS">
          <params>
            <param index="0">
              <value>
                <![CDATA[Ronny]]>
              </value>
            </param>
            <param index="1">
              <value>
                <![CDATA[lanson]]>
              </value>
            </param>
            <param index="2">
              <value>
                <![CDATA[4667787.0]]>
              </value>
            </param>
          </params>
          <reporter-output>
          </reporter-output>
        </test-method> <!-- addCustomer -->
        <test-method signature="addCustomer(java.lang.String,java.lang.String,java.lang.String)[pri:0, instance:testCases.AddCustomerTest@4b85880b]" started-at="2025-02-02T20:11:53 IST" name="addCustomer" data-provider="addCustomer" finished-at="2025-02-02T20:11:59 IST" duration-ms="5692" status="PASS">
          <params>
            <param index="0">
              <value>
                <![CDATA[Reyan]]>
              </value>
            </param>
            <param index="1">
              <value>
                <![CDATA[klson]]>
              </value>
            </param>
            <param index="2">
              <value>
                <![CDATA[65768.0]]>
              </value>
            </param>
          </params>
          <reporter-output>
          </reporter-output>
        </test-method> <!-- addCustomer -->
        <test-method is-config="true" signature="teardown()[pri:0, instance:testCases.AddCustomerTest@4b85880b]" started-at="2025-02-02T20:11:59 IST" name="teardown" finished-at="2025-02-02T20:11:59 IST" duration-ms="267" status="PASS">
          <reporter-output>
          </reporter-output>
        </test-method> <!-- teardown -->
      </class> <!-- testCases.AddCustomerTest -->
    </test> <!-- Add customer test -->
  </suite> <!-- DataDrivenAutomtion -->
</testng-results>
